<?xml version="1.0" encoding="UTF-8"?>
<!-- Generated by org.testng.reporters.JUnitReportReporter -->
<testsuite hostname="SudeepaReddyDuvvuru" failures="0" tests="3" name="tests.ElementsTest" time="0.000" errors="0" timestamp="2025-01-15T22:47:27 IST" skipped="3">
  <testcase classname="tests.ElementsTest" name="clicktextbox" time="0.000">
    <skipped/>
  </testcase> <!-- clicktextbox -->
  <system-out/>
  <testcase classname="tests.ElementsTest" name="enterDetails" time="0.000">
    <skipped/>
  </testcase> <!-- enterDetails -->
  <system-out/>
  <testcase classname="tests.ElementsTest" name="clickSubmit" time="0.000">
    <skipped/>
  </testcase> <!-- clickSubmit -->
  <system-out/>
</testsuite> <!-- tests.ElementsTest -->
