<?xml version="1.0" encoding="UTF-8"?>
<!-- Generated by org.testng.reporters.JUnitReportReporter -->
<testsuite hostname="SudeepaReddyDuvvuru" failures="0" tests="2" name="tests.SearchTest" time="0.511" errors="0" timestamp="2025-01-19T21:12:54 IST" skipped="0">
  <testcase classname="tests.SearchTest" name="addTocart" time="0.446"/>
  <system-out/>
  <testcase classname="tests.SearchTest" name="remove" time="0.065"/>
  <system-out/>
</testsuite> <!-- tests.SearchTest -->
