<?xml version="1.0" encoding="UTF-8"?>
<!-- Generated by org.testng.reporters.JUnitReportReporter -->
<testsuite hostname="SudeepaReddyDuvvuru" failures="0" tests="3" name="practice.LoginTest" time="12.010" errors="0" timestamp="2025-01-11T09:44:00 IST" skipped="0">
  <testcase classname="practice.LoginTest" name="validLogin" time="3.498"/>
  <system-out/>
  <testcase classname="practice.LoginTest" name="invalidUsernameLogin" time="4.573"/>
  <system-out/>
  <testcase classname="practice.LoginTest" name="invalidPasswordLogin" time="3.939"/>
  <system-out/>
</testsuite> <!-- practice.LoginTest -->
