<?xml version="1.0" encoding="UTF-8"?>
<!-- Generated by org.testng.reporters.JUnitReportReporter -->
<testsuite hostname="SudeepaReddyDuvvuru" failures="0" tests="3" name="tests.LoginTest" time="10.730" errors="0" timestamp="2025-01-19T13:42:26 IST" skipped="0">
  <testcase classname="tests.LoginTest" name="loginTest" time="3.088"/>
  <system-out/>
  <testcase classname="tests.LoginTest" name="loginTest" time="4.310"/>
  <system-out/>
  <testcase classname="tests.LoginTest" name="loginTest" time="3.332"/>
  <system-out/>
</testsuite> <!-- tests.LoginTest -->
